<?xml version="1.0" encoding="UTF-8"?>
<!-- Generated by org.testng.reporters.JUnitReportReporter -->
<testsuite hostname="DESKTOP-TR0PU7A" failures="0" tests="1" name="com.scrolltest.api.tests.Examples1" time="3.536" errors="0" timestamp="2022-02-05T12:30:21 IST" skipped="0">
  <testcase classname="com.scrolltest.api.tests.Examples1" name="test_get" time="3.536"/>
  <system-out/>
</testsuite> <!-- com.scrolltest.api.tests.Examples1 -->
