<?xml version="1.0" encoding="UTF-8"?>
<!-- Generated by org.testng.reporters.JUnitReportReporter -->
<testsuite hostname="DESKTOP-TR0PU7A" failures="0" tests="1" name="com.scrolltest.api.tests.Tests_POST1" time="0.159" errors="0" timestamp="2022-02-05T10:49:11 IST" skipped="0">
  <testcase classname="com.scrolltest.api.tests.Tests_POST1" name="test_1_post" time="0.159"/>
  <system-out/>
</testsuite> <!-- com.scrolltest.api.tests.Tests_POST1 -->
