<?xml version="1.0" encoding="UTF-8"?>
<!-- Generated by org.testng.reporters.JUnitReportReporter -->
<testsuite hostname="DESKTOP-TR0PU7A" failures="0" tests="1" name="com.scrolltest.api.tests.Tests_GET1" time="8.732" errors="0" timestamp="2022-02-05T10:24:15 IST" skipped="0">
  <testcase classname="com.scrolltest.api.tests.Tests_GET1" name="test_01" time="8.732"/>
  <system-out/>
</testsuite> <!-- com.scrolltest.api.tests.Tests_GET1 -->
